<?xml version="1.0" encoding="UTF-8"?>
<!-- Generated by org.testng.reporters.JUnitReportReporter -->
<testsuite hostname="LAPTOP-H97MKKBN" failures="0" tests="4" name="TestNGpractise.DemonstratingDependsonmethod" time="1.936" errors="0" timestamp="2023-11-09T09:37:52 IST" skipped="0">
  <testcase classname="TestNGpractise.DemonstratingDependsonmethod" name="browser" time="1.923"/>
  <system-out/>
  <testcase classname="TestNGpractise.DemonstratingDependsonmethod" name="login" time="0.005"/>
  <system-out/>
  <testcase classname="TestNGpractise.DemonstratingDependsonmethod" name="home" time="0.006"/>
  <system-out/>
  <testcase classname="TestNGpractise.DemonstratingDependsonmethod" name="logout" time="0.002"/>
  <system-out/>
</testsuite> <!-- TestNGpractise.DemonstratingDependsonmethod -->
