<?xml version="1.0" encoding="UTF-8"?>
<!-- Generated by org.testng.reporters.JUnitReportReporter -->
<testsuite hostname="LAPTOP-H97MKKBN" failures="0" tests="1" name="TestNGpractise.GeneratingReports" time="23.631" errors="0" timestamp="2023-11-11T10:11:51 IST" skipped="0">
  <testcase classname="TestNGpractise.GeneratingReports" name="testcase" time="23.631"/>
  <system-out>
    <![CDATA[browser is launched
window is maximized
navigated to application
browser is closed]]>
  </system-out>
</testsuite> <!-- TestNGpractise.GeneratingReports -->
