<?xml version="1.0" encoding="UTF-8"?>
<!-- Generated by org.testng.reporters.JUnitReportReporter -->
<testsuite hostname="LAPTOP-H97MKKBN" failures="0" tests="5" name="TestNGpractise.InvocationcountandThreadpoolsize" time="18.182" errors="0" timestamp="2023-11-09T21:33:58 IST" skipped="0">
  <testcase classname="TestNGpractise.InvocationcountandThreadpoolsize" name="login" time="4.340"/>
  <system-out/>
  <testcase classname="TestNGpractise.InvocationcountandThreadpoolsize" name="login" time="4.364"/>
  <system-out/>
  <testcase classname="TestNGpractise.InvocationcountandThreadpoolsize" name="login" time="4.713"/>
  <system-out/>
  <testcase classname="TestNGpractise.InvocationcountandThreadpoolsize" name="login" time="2.427"/>
  <system-out/>
  <testcase classname="TestNGpractise.InvocationcountandThreadpoolsize" name="login" time="2.338"/>
  <system-out/>
</testsuite> <!-- TestNGpractise.InvocationcountandThreadpoolsize -->
