<?xml version="1.0" encoding="UTF-8"?>
<!-- Generated by org.testng.reporters.JUnitReportReporter -->
<testsuite hostname="LAPTOP-H97MKKBN" failures="0" tests="5" name="TestNGpractise.DemonstratingInvocationcount" time="55.021" errors="0" timestamp="2023-11-09T22:36:22 IST" skipped="0">
  <testcase classname="TestNGpractise.DemonstratingInvocationcount" name="login" time="5.547"/>
  <system-out/>
  <testcase classname="TestNGpractise.DemonstratingInvocationcount" name="login" time="6.072"/>
  <system-out/>
  <testcase classname="TestNGpractise.DemonstratingInvocationcount" name="login" time="6.403"/>
  <system-out/>
  <testcase classname="TestNGpractise.DemonstratingInvocationcount" name="login" time="18.256"/>
  <system-out/>
  <testcase classname="TestNGpractise.DemonstratingInvocationcount" name="login" time="18.743"/>
  <system-out/>
</testsuite> <!-- TestNGpractise.DemonstratingInvocationcount -->
