<?xml version="1.0" encoding="UTF-8"?>
<!-- Generated by org.testng.reporters.JUnitReportReporter -->
<testsuite hostname="LAPTOP-H97MKKBN" failures="0" tests="1" name="Testngexecution.Tc_5" time="30.361" errors="0" timestamp="2023-11-12T21:53:03 IST" skipped="0">
  <testcase classname="Testngexecution.Tc_5" name="navigatingtoamazon" time="30.361"/>
  <system-out/>
</testsuite> <!-- Testngexecution.Tc_5 -->
