<?xml version="1.0" encoding="UTF-8"?>
<!-- Generated by org.testng.reporters.JUnitReportReporter -->
<testsuite hostname="LAPTOP-H97MKKBN" failures="0" tests="1" name="DDT.sample" time="0.013" errors="0" timestamp="2023-11-08T09:30:34 IST" skipped="0">
  <testcase classname="DDT.sample" name="demo" time="0.013"/>
  <system-out/>
</testsuite> <!-- DDT.sample -->
