<?xml version="1.0" encoding="UTF-8"?>
<!-- Generated by org.testng.reporters.JUnitReportReporter -->
<testsuite hostname="LAPTOP-H97MKKBN" failures="0" tests="3" name="TestNGpractise.ConfigurationAnnotation" time="0.020" errors="0" timestamp="2023-11-11T09:53:17 IST" skipped="0">
  <testcase classname="TestNGpractise.ConfigurationAnnotation" name="method3" time="0.006"/>
  <system-out/>
  <testcase classname="TestNGpractise.ConfigurationAnnotation" name="method1" time="0.010"/>
  <system-out/>
  <testcase classname="TestNGpractise.ConfigurationAnnotation" name="method2" time="0.004"/>
  <system-out/>
</testsuite> <!-- TestNGpractise.ConfigurationAnnotation -->
