<?xml version="1.0" encoding="UTF-8"?>
<!-- Generated by org.testng.reporters.JUnitReportReporter -->
<testsuite hostname="LAPTOP-H97MKKBN" failures="0" tests="1" name="TestNGpractise.Demoforparameters" time="0.008" errors="0" timestamp="2023-11-10T10:19:02 IST" skipped="0">
  <testcase classname="TestNGpractise.Demoforparameters" name="demo" time="0.008"/>
  <system-out/>
</testsuite> <!-- TestNGpractise.Demoforparameters -->
