<?xml version="1.0" encoding="UTF-8"?>
<!-- Generated by org.testng.reporters.JUnitReportReporter -->
<testsuite hostname="LAPTOP-H97MKKBN" failures="0" tests="1" name="TestNGpractise.DemoTestng" time="0.010" errors="0" timestamp="2023-11-08T10:17:56 IST" skipped="0">
  <testcase classname="TestNGpractise.DemoTestng" name="demo" time="0.010"/>
  <system-out/>
</testsuite> <!-- TestNGpractise.DemoTestng -->
